<?xml version="1.0" encoding="UTF-8"?>
<testng-results ignored="0" total="2" passed="2" failed="0" skipped="0">
  <reporter-output>
  </reporter-output>
  <suite started-at="2024-04-10T12:23:08 IST" name="Default suite" finished-at="2024-04-10T12:23:18 IST" duration-ms="9775">
    <groups>
    </groups>
    <test started-at="2024-04-10T12:23:08 IST" name="Default test" finished-at="2024-04-10T12:23:18 IST" duration-ms="9775">
      <class name="test.amazontest">
        <test-method is-config="true" signature="setup()[pri:0, instance:test.amazontest@1f2586d6]" started-at="2024-04-10T12:23:08 IST" name="setup" finished-at="2024-04-10T12:23:11 IST" duration-ms="2661" status="PASS">
          <reporter-output>
          </reporter-output>
        </test-method> <!-- setup -->
        <test-method signature="verifySearchFunctionality()[pri:1, instance:test.amazontest@1f2586d6]" started-at="2024-04-10T12:23:11 IST" name="verifySearchFunctionality" finished-at="2024-04-10T12:23:16 IST" duration-ms="5367" status="PASS">
          <reporter-output>
          </reporter-output>
        </test-method> <!-- verifySearchFunctionality -->
        <test-method signature="verifyPageTitle()[pri:2, instance:test.amazontest@1f2586d6]" started-at="2024-04-10T12:23:16 IST" name="verifyPageTitle" finished-at="2024-04-10T12:23:18 IST" duration-ms="1507" status="PASS">
          <reporter-output>
          </reporter-output>
        </test-method> <!-- verifyPageTitle -->
        <test-method is-config="true" signature="tearDown()[pri:0, instance:test.amazontest@1f2586d6]" started-at="2024-04-10T12:23:18 IST" name="tearDown" finished-at="2024-04-10T12:23:18 IST" duration-ms="196" status="PASS">
          <reporter-output>
          </reporter-output>
        </test-method> <!-- tearDown -->
      </class> <!-- test.amazontest -->
    </test> <!-- Default test -->
  </suite> <!-- Default suite -->
</testng-results>
